CRITICAL - 2026-05-13 09:12:17 --> ErrorException: Undefined array key "jours_restants"
[Method: GET, Route: demandes/]
in APPPATH/Views/employe/create.php on line 51.
 1 APPPATH/Views/employe/create.php(51): CodeIgniter\Debug\Exceptions->errorHandler()
 2 SYSTEMPATH/View/View.php(240): include('/home/itu/Documents/s4/System d\'Information Rojo/github/TechMada/app/Views/employe/create.php')
 3 SYSTEMPATH/View/View.php(243): CodeIgniter\View\View->CodeIgniter\View\{closure}()
 4 SYSTEMPATH/Common.php(1250): CodeIgniter\View\View->render()
 5 APPPATH/Controllers/DemandeController.php(12): view()
 6 SYSTEMPATH/CodeIgniter.php(951): App\Controllers\DemandeController->index()
 7 SYSTEMPATH/CodeIgniter.php(497): CodeIgniter\CodeIgniter->runController()
 8 SYSTEMPATH/CodeIgniter.php(340): CodeIgniter\CodeIgniter->handleRequest()
 9 SYSTEMPATH/Boot.php(417): CodeIgniter\CodeIgniter->run()
10 SYSTEMPATH/Boot.php(68): CodeIgniter\Boot::runCodeIgniter()
11 FCPATH/index.php(59): CodeIgniter\Boot::bootWeb()
CRITICAL - 2026-05-13 09:12:21 --> ErrorException: Undefined array key "jours_restants"
[Method: GET, Route: demandes]
in APPPATH/Views/employe/create.php on line 51.
 1 APPPATH/Views/employe/create.php(51): CodeIgniter\Debug\Exceptions->errorHandler()
 2 SYSTEMPATH/View/View.php(240): include('/home/itu/Documents/s4/System d\'Information Rojo/github/TechMada/app/Views/employe/create.php')
 3 SYSTEMPATH/View/View.php(243): CodeIgniter\View\View->CodeIgniter\View\{closure}()
 4 SYSTEMPATH/Common.php(1250): CodeIgniter\View\View->render()
 5 APPPATH/Controllers/DemandeController.php(12): view()
 6 SYSTEMPATH/CodeIgniter.php(951): App\Controllers\DemandeController->index()
 7 SYSTEMPATH/CodeIgniter.php(497): CodeIgniter\CodeIgniter->runController()
 8 SYSTEMPATH/CodeIgniter.php(340): CodeIgniter\CodeIgniter->handleRequest()
 9 SYSTEMPATH/Boot.php(417): CodeIgniter\CodeIgniter->run()
10 SYSTEMPATH/Boot.php(68): CodeIgniter\Boot::runCodeIgniter()
11 FCPATH/index.php(59): CodeIgniter\Boot::bootWeb()
CRITICAL - 2026-05-13 09:13:14 --> ErrorException: Undefined array key "jours_restants"
[Method: GET, Route: demandes]
in APPPATH/Views/employe/create.php on line 51.
 1 APPPATH/Views/employe/create.php(51): CodeIgniter\Debug\Exceptions->errorHandler()
 2 SYSTEMPATH/View/View.php(240): include('/home/itu/Documents/s4/System d\'Information Rojo/github/TechMada/app/Views/employe/create.php')
 3 SYSTEMPATH/View/View.php(243): CodeIgniter\View\View->CodeIgniter\View\{closure}()
 4 SYSTEMPATH/Common.php(1250): CodeIgniter\View\View->render()
 5 APPPATH/Controllers/DemandeController.php(12): view()
 6 SYSTEMPATH/CodeIgniter.php(951): App\Controllers\DemandeController->index()
 7 SYSTEMPATH/CodeIgniter.php(497): CodeIgniter\CodeIgniter->runController()
 8 SYSTEMPATH/CodeIgniter.php(340): CodeIgniter\CodeIgniter->handleRequest()
 9 SYSTEMPATH/Boot.php(417): CodeIgniter\CodeIgniter->run()
10 SYSTEMPATH/Boot.php(68): CodeIgniter\Boot::runCodeIgniter()
11 FCPATH/index.php(59): CodeIgniter\Boot::bootWeb()
CRITICAL - 2026-05-13 09:17:30 --> Error: Class "App\Models\DemandeModel" not found
[Method: POST, Route: demandes/create]
in APPPATH/Controllers/DemandeController.php on line 18.
 1 SYSTEMPATH/CodeIgniter.php(951): App\Controllers\DemandeController->create()
 2 SYSTEMPATH/CodeIgniter.php(497): CodeIgniter\CodeIgniter->runController()
 3 SYSTEMPATH/CodeIgniter.php(340): CodeIgniter\CodeIgniter->handleRequest()
 4 SYSTEMPATH/Boot.php(417): CodeIgniter\CodeIgniter->run()
 5 SYSTEMPATH/Boot.php(68): CodeIgniter\Boot::runCodeIgniter()
 6 FCPATH/index.php(59): CodeIgniter\Boot::bootWeb()
CRITICAL - 2026-05-13 09:19:06 --> Error: Class "App\Models\CongesModel" not found
[Method: POST, Route: demandes/create]
in APPPATH/Controllers/DemandeController.php on line 18.
 1 SYSTEMPATH/CodeIgniter.php(951): App\Controllers\DemandeController->create()
 2 SYSTEMPATH/CodeIgniter.php(497): CodeIgniter\CodeIgniter->runController()
 3 SYSTEMPATH/CodeIgniter.php(340): CodeIgniter\CodeIgniter->handleRequest()
 4 SYSTEMPATH/Boot.php(417): CodeIgniter\CodeIgniter->run()
 5 SYSTEMPATH/Boot.php(68): CodeIgniter\Boot::runCodeIgniter()
 6 FCPATH/index.php(59): CodeIgniter\Boot::bootWeb()
